11:57:59| ****************************************
11:57:59| Part 1
11:57:59| 
11:57:59| File: c:\Users\dylra\OneDrive\Desktop\cse351-student-version-main\cse351-student-version-main\lesson_08\prove\mazes\very-small.bmp
11:57:59| Drawing commands to solve = 88
11:58:03| Found path has length     = 11
11:58:03| 
11:58:03| File: c:\Users\dylra\OneDrive\Desktop\cse351-student-version-main\cse351-student-version-main\lesson_08\prove\mazes\very-small-loops.bmp
11:58:03| Drawing commands to solve = 248
11:58:04| Found path has length     = 39
11:58:04| 
11:58:04| File: c:\Users\dylra\OneDrive\Desktop\cse351-student-version-main\cse351-student-version-main\lesson_08\prove\mazes\small.bmp
11:58:04| Drawing commands to solve = 2368
11:58:05| Found path has length     = 79
11:58:05| 
11:58:05| File: c:\Users\dylra\OneDrive\Desktop\cse351-student-version-main\cse351-student-version-main\lesson_08\prove\mazes\small-loops.bmp
11:58:05| Drawing commands to solve = 1384
11:58:05| Found path has length     = 111
11:58:05| 
11:58:05| File: c:\Users\dylra\OneDrive\Desktop\cse351-student-version-main\cse351-student-version-main\lesson_08\prove\mazes\small-odd.bmp
11:58:05| Drawing commands to solve = 2852
11:58:05| Found path has length     = 83
11:58:05| 
11:58:05| File: c:\Users\dylra\OneDrive\Desktop\cse351-student-version-main\cse351-student-version-main\lesson_08\prove\mazes\small-open.bmp
11:58:05| Drawing commands to solve = 3032
11:58:06| Found path has length     = 367
11:58:06| 
11:58:06| File: c:\Users\dylra\OneDrive\Desktop\cse351-student-version-main\cse351-student-version-main\lesson_08\prove\mazes\large.bmp
11:58:06| Drawing commands to solve = 29448
11:58:06| Found path has length     = 1299
11:58:06| 
11:58:06| File: c:\Users\dylra\OneDrive\Desktop\cse351-student-version-main\cse351-student-version-main\lesson_08\prove\mazes\large-loops.bmp
11:58:07| Drawing commands to solve = 36520
11:58:07| Found path has length     = 1775
11:58:07| 
11:58:07| File: c:\Users\dylra\OneDrive\Desktop\cse351-student-version-main\cse351-student-version-main\lesson_08\prove\mazes\large-squares.bmp
11:58:07| Drawing commands to solve = 35152
11:58:07| Found path has length     = 1015
11:58:07| 
11:58:07| File: c:\Users\dylra\OneDrive\Desktop\cse351-student-version-main\cse351-student-version-main\lesson_08\prove\mazes\large-open.bmp
11:58:07| Drawing commands to solve = 8799
11:58:07| Found path has length     = 219
11:58:07| ****************************************
